  main.c
C:\Program Files\Microsoft Visual Studio\2022\Community\VC\Tools\MSVC\14.39.33519\include\vadefs.h(61,35): error C2054: '﻿' の後に '(' が必要です。
  (ソース ファイル 'main.c' をコンパイルしています)
  
C:\Program Files\Microsoft Visual Studio\2022\Community\VC\Tools\MSVC\14.39.33519\include\vadefs.h(61,35): error C2085: 'uintptr_t': 仮パラメーター リスト内にありません。
  (ソース ファイル 'main.c' をコンパイルしています)
  
C:\Program Files\Microsoft Visual Studio\2022\Community\VC\Tools\MSVC\14.39.33519\include\vadefs.h(72,23): error C2085: 'va_list': 仮パラメーター リスト内にありません。
  (ソース ファイル 'main.c' をコンパイルしています)
  
C:\Program Files\Microsoft Visual Studio\2022\Community\VC\Tools\MSVC\14.39.33519\include\vadefs.h(155,36): error C2143: 構文エラー: ')' が '*' の前にありません。
  (ソース ファイル 'main.c' をコンパイルしています)
  
C:\Program Files\Microsoft Visual Studio\2022\Community\VC\Tools\MSVC\14.39.33519\include\vadefs.h(155,18): error C2082: 仮パラメーター '__va_start' が再定義されました。
  (ソース ファイル 'main.c' をコンパイルしています)
  
C:\Program Files\Microsoft Visual Studio\2022\Community\VC\Tools\MSVC\14.39.33519\include\vadefs.h(155,36): error C2143: 構文エラー: ';' が '*' の前にありません。
  (ソース ファイル 'main.c' をコンパイルしています)
  
C:\Program Files\Microsoft Visual Studio\2022\Community\VC\Tools\MSVC\14.39.33519\include\vadefs.h(155,43): error C2059: 構文エラー: ')'
  (ソース ファイル 'main.c' をコンパイルしています)
  
C:\Program Files\Microsoft Visual Studio\2022\Community\VC\Tools\MSVC\14.39.33519\include\vcruntime.h(386,61): error C2146: 構文エラー: ')' が、識別子 '_StackCookie' の前に必要です。
  (ソース ファイル 'main.c' をコンパイルしています)
  
C:\Program Files\Microsoft Visual Studio\2022\Community\VC\Tools\MSVC\14.39.33519\include\vcruntime.h(386,61): error C2061: 構文エラー: 識別子 '_StackCookie'
  (ソース ファイル 'main.c' をコンパイルしています)
  
C:\Program Files\Microsoft Visual Studio\2022\Community\VC\Tools\MSVC\14.39.33519\include\vcruntime.h(386,61): error C2059: 構文エラー: ';'
  (ソース ファイル 'main.c' をコンパイルしています)
  
C:\Program Files\Microsoft Visual Studio\2022\Community\VC\Tools\MSVC\14.39.33519\include\vcruntime.h(386,73): error C2059: 構文エラー: ')'
  (ソース ファイル 'main.c' をコンパイルしています)
  
C:\Program Files\Microsoft Visual Studio\2022\Community\VC\Tools\MSVC\14.39.33519\include\vcruntime.h(387,77): error C2146: 構文エラー: ')' が、識別子 '_StackCookie' の前に必要です。
  (ソース ファイル 'main.c' をコンパイルしています)
  
C:\Program Files\Microsoft Visual Studio\2022\Community\VC\Tools\MSVC\14.39.33519\include\vcruntime.h(387,77): error C2061: 構文エラー: 識別子 '_StackCookie'
  (ソース ファイル 'main.c' をコンパイルしています)
  
C:\Program Files\Microsoft Visual Studio\2022\Community\VC\Tools\MSVC\14.39.33519\include\vcruntime.h(387,77): error C2059: 構文エラー: ';'
  (ソース ファイル 'main.c' をコンパイルしています)
  
C:\Program Files\Microsoft Visual Studio\2022\Community\VC\Tools\MSVC\14.39.33519\include\vcruntime.h(387,89): error C2059: 構文エラー: ')'
  (ソース ファイル 'main.c' をコンパイルしています)
  
C:\Program Files\Microsoft Visual Studio\2022\Community\VC\Tools\MSVC\14.39.33519\include\vcruntime.h(391,18): error C2061: 構文エラー: 識別子 '__security_cookie'
  (ソース ファイル 'main.c' をコンパイルしています)
  
C:\Program Files\Microsoft Visual Studio\2022\Community\VC\Tools\MSVC\14.39.33519\include\vcruntime.h(391,18): error C2059: 構文エラー: ';'
  (ソース ファイル 'main.c' をコンパイルしています)
  
C:\Program Files (x86)\Windows Kits\10\Include\10.0.22621.0\ucrt\corecrt.h(368,10): error C2081: 'uintptr_t': 仮パラメーター リスト内の名前が正しくありません。
  (ソース ファイル 'main.c' をコンパイルしています)
  
C:\Program Files (x86)\Windows Kits\10\Include\10.0.22621.0\ucrt\corecrt.h(380,26): error C2146: 構文エラー: ')' が、識別子 '_Reserved' の前に必要です。
  (ソース ファイル 'main.c' をコンパイルしています)
  
C:\Program Files (x86)\Windows Kits\10\Include\10.0.22621.0\ucrt\corecrt.h(380,26): error C2081: 'uintptr_t': 仮パラメーター リスト内の名前が正しくありません。
  (ソース ファイル 'main.c' をコンパイルしています)
  
C:\Program Files (x86)\Windows Kits\10\Include\10.0.22621.0\ucrt\corecrt.h(380,26): error C2061: 構文エラー: 識別子 '_Reserved'
  (ソース ファイル 'main.c' をコンパイルしています)
  
C:\Program Files (x86)\Windows Kits\10\Include\10.0.22621.0\ucrt\corecrt.h(380,26): error C2059: 構文エラー: ';'
  (ソース ファイル 'main.c' をコンパイルしています)
  
C:\Program Files (x86)\Windows Kits\10\Include\10.0.22621.0\ucrt\corecrt.h(380,35): error C2059: 構文エラー: ')'
  (ソース ファイル 'main.c' をコンパイルしています)
  
C:\Program Files (x86)\Windows Kits\10\Include\10.0.22621.0\ucrt\corecrt_wstdio.h(277,66): error C2146: 構文エラー: ')' が、識別子 '_ArgList' の前に必要です。
  (ソース ファイル 'main.c' をコンパイルしています)
  
C:\Program Files (x86)\Windows Kits\10\Include\10.0.22621.0\ucrt\corecrt_wstdio.h(277,66): error C2081: 'va_list': 仮パラメーター リスト内の名前が正しくありません。
  (ソース ファイル 'main.c' をコンパイルしています)
  
C:\Program Files (x86)\Windows Kits\10\Include\10.0.22621.0\ucrt\corecrt_wstdio.h(277,66): error C2061: 構文エラー: 識別子 '_ArgList'
  (ソース ファイル 'main.c' をコンパイルしています)
  
C:\Program Files (x86)\Windows Kits\10\Include\10.0.22621.0\ucrt\corecrt_wstdio.h(277,66): error C2059: 構文エラー: ';'
  (ソース ファイル 'main.c' をコンパイルしています)
  
C:\Program Files (x86)\Windows Kits\10\Include\10.0.22621.0\ucrt\corecrt_wstdio.h(278,9): error C2059: 構文エラー: ')'
  (ソース ファイル 'main.c' をコンパイルしています)
  
C:\Program Files (x86)\Windows Kits\10\Include\10.0.22621.0\ucrt\corecrt_wstdio.h(286,66): error C2146: 構文エラー: ')' が、識別子 '_ArgList' の前に必要です。
  (ソース ファイル 'main.c' をコンパイルしています)
  
C:\Program Files (x86)\Windows Kits\10\Include\10.0.22621.0\ucrt\corecrt_wstdio.h(286,66): error C2081: 'va_list': 仮パラメーター リスト内の名前が正しくありません。
  (ソース ファイル 'main.c' をコンパイルしています)
  
C:\Program Files (x86)\Windows Kits\10\Include\10.0.22621.0\ucrt\corecrt_wstdio.h(286,66): error C2061: 構文エラー: 識別子 '_ArgList'
  (ソース ファイル 'main.c' をコンパイルしています)
  
C:\Program Files (x86)\Windows Kits\10\Include\10.0.22621.0\ucrt\corecrt_wstdio.h(286,66): error C2059: 構文エラー: ';'
  (ソース ファイル 'main.c' をコンパイルしています)
  
C:\Program Files (x86)\Windows Kits\10\Include\10.0.22621.0\ucrt\corecrt_wstdio.h(287,9): error C2059: 構文エラー: ')'
  (ソース ファイル 'main.c' をコンパイルしています)
  
C:\Program Files (x86)\Windows Kits\10\Include\10.0.22621.0\ucrt\corecrt_wstdio.h(295,66): error C2146: 構文エラー: ')' が、識別子 '_ArgList' の前に必要です。
  (ソース ファイル 'main.c' をコンパイルしています)
  
C:\Program Files (x86)\Windows Kits\10\Include\10.0.22621.0\ucrt\corecrt_wstdio.h(295,66): error C2081: 'va_list': 仮パラメーター リスト内の名前が正しくありません。
  (ソース ファイル 'main.c' をコンパイルしています)
  
C:\Program Files (x86)\Windows Kits\10\Include\10.0.22621.0\ucrt\corecrt_wstdio.h(295,66): error C2061: 構文エラー: 識別子 '_ArgList'
  (ソース ファイル 'main.c' をコンパイルしています)
  
C:\Program Files (x86)\Windows Kits\10\Include\10.0.22621.0\ucrt\corecrt_wstdio.h(295,66): error C2059: 構文エラー: ';'
  (ソース ファイル 'main.c' をコンパイルしています)
  
C:\Program Files (x86)\Windows Kits\10\Include\10.0.22621.0\ucrt\corecrt_wstdio.h(296,9): error C2059: 構文エラー: ')'
  (ソース ファイル 'main.c' をコンパイルしています)
  
C:\Program Files (x86)\Windows Kits\10\Include\10.0.22621.0\ucrt\corecrt_wstdio.h(303,70): error C2146: 構文エラー: ')' が、識別子 '_ArgList' の前に必要です。
  (ソース ファイル 'main.c' をコンパイルしています)
  
C:\Program Files (x86)\Windows Kits\10\Include\10.0.22621.0\ucrt\corecrt_wstdio.h(303,70): error C2081: 'va_list': 仮パラメーター リスト内の名前が正しくありません。
  (ソース ファイル 'main.c' をコンパイルしています)
  
C:\Program Files (x86)\Windows Kits\10\Include\10.0.22621.0\ucrt\corecrt_wstdio.h(303,70): error C2061: 構文エラー: 識別子 '_ArgList'
  (ソース ファイル 'main.c' をコンパイルしています)
  
C:\Program Files (x86)\Windows Kits\10\Include\10.0.22621.0\ucrt\corecrt_wstdio.h(303,70): error C2059: 構文エラー: ';'
  (ソース ファイル 'main.c' をコンパイルしています)
  
C:\Program Files (x86)\Windows Kits\10\Include\10.0.22621.0\ucrt\corecrt_wstdio.h(304,9): error C2059: 構文エラー: ')'
  (ソース ファイル 'main.c' をコンパイルしています)
  
C:\Program Files (x86)\Windows Kits\10\Include\10.0.22621.0\ucrt\corecrt_wstdio.h(308,5): error C2449: '{' を見つけました (関数のヘッダーがないかもしれません)。
  (ソース ファイル 'main.c' をコンパイルしています)
  
C:\Program Files (x86)\Windows Kits\10\Include\10.0.22621.0\ucrt\corecrt_wstdio.h(310,5): error C2059: 構文エラー: '}'
  (ソース ファイル 'main.c' をコンパイルしています)
  
C:\Program Files (x86)\Windows Kits\10\Include\10.0.22621.0\ucrt\corecrt_wstdio.h(332,70): error C2146: 構文エラー: ')' が、識別子 '_ArgList' の前に必要です。
  (ソース ファイル 'main.c' をコンパイルしています)
  
C:\Program Files (x86)\Windows Kits\10\Include\10.0.22621.0\ucrt\corecrt_wstdio.h(332,70): error C2081: 'va_list': 仮パラメーター リスト内の名前が正しくありません。
  (ソース ファイル 'main.c' をコンパイルしています)
  
C:\Program Files (x86)\Windows Kits\10\Include\10.0.22621.0\ucrt\corecrt_wstdio.h(332,70): error C2061: 構文エラー: 識別子 '_ArgList'
  (ソース ファイル 'main.c' をコンパイルしています)
  
C:\Program Files (x86)\Windows Kits\10\Include\10.0.22621.0\ucrt\corecrt_wstdio.h(332,70): error C2059: 構文エラー: ';'
  (ソース ファイル 'main.c' をコンパイルしています)
  
C:\Program Files (x86)\Windows Kits\10\Include\10.0.22621.0\ucrt\corecrt_wstdio.h(333,9): error C2059: 構文エラー: ')'
  (ソース ファイル 'main.c' をコンパイルしています)
  
C:\Program Files (x86)\Windows Kits\10\Include\10.0.22621.0\ucrt\corecrt_wstdio.h(337,5): error C2449: '{' を見つけました (関数のヘッダーがないかもしれません)。
  (ソース ファイル 'main.c' をコンパイルしています)
  
C:\Program Files (x86)\Windows Kits\10\Include\10.0.22621.0\ucrt\corecrt_wstdio.h(339,5): error C2059: 構文エラー: '}'
  (ソース ファイル 'main.c' をコンパイルしています)
  
C:\Program Files (x86)\Windows Kits\10\Include\10.0.22621.0\ucrt\corecrt_wstdio.h(365,70): error C2146: 構文エラー: ')' が、識別子 '_ArgList' の前に必要です。
  (ソース ファイル 'main.c' をコンパイルしています)
  
C:\Program Files (x86)\Windows Kits\10\Include\10.0.22621.0\ucrt\corecrt_wstdio.h(365,70): error C2081: 'va_list': 仮パラメーター リスト内の名前が正しくありません。
  (ソース ファイル 'main.c' をコンパイルしています)
  
C:\Program Files (x86)\Windows Kits\10\Include\10.0.22621.0\ucrt\corecrt_wstdio.h(365,70): error C2061: 構文エラー: 識別子 '_ArgList'
  (ソース ファイル 'main.c' をコンパイルしています)
  
C:\Program Files (x86)\Windows Kits\10\Include\10.0.22621.0\ucrt\corecrt_wstdio.h(365,70): error C2059: 構文エラー: ';'
  (ソース ファイル 'main.c' をコンパイルしています)
  
C:\Program Files (x86)\Windows Kits\10\Include\10.0.22621.0\ucrt\corecrt_wstdio.h(366,9): error C2059: 構文エラー: ')'
  (ソース ファイル 'main.c' をコンパイルしています)
  
C:\Program Files (x86)\Windows Kits\10\Include\10.0.22621.0\ucrt\corecrt_wstdio.h(370,5): error C2449: '{' を見つけました (関数のヘッダーがないかもしれません)。
  (ソース ファイル 'main.c' をコンパイルしています)
  
C:\Program Files (x86)\Windows Kits\10\Include\10.0.22621.0\ucrt\corecrt_wstdio.h(372,5): error C2059: 構文エラー: '}'
  (ソース ファイル 'main.c' をコンパイルしています)
  
C:\Program Files (x86)\Windows Kits\10\Include\10.0.22621.0\ucrt\corecrt_wstdio.h(393,70): error C2146: 構文エラー: ')' が、識別子 '_ArgList' の前に必要です。
  (ソース ファイル 'main.c' をコンパイルしています)
  
C:\Program Files (x86)\Windows Kits\10\Include\10.0.22621.0\ucrt\corecrt_wstdio.h(393,70): error C2081: 'va_list': 仮パラメーター リスト内の名前が正しくありません。
  (ソース ファイル 'main.c' をコンパイルしています)
  
C:\Program Files (x86)\Windows Kits\10\Include\10.0.22621.0\ucrt\corecrt_wstdio.h(393,70): error C2061: 構文エラー: 識別子 '_ArgList'
  (ソース ファイル 'main.c' をコンパイルしています)
  
C:\Program Files (x86)\Windows Kits\10\Include\10.0.22621.0\ucrt\corecrt_wstdio.h(393,70): error C2059: 構文エラー: ';'
  (ソース ファイル 'main.c' をコンパイルしています)
  
C:\Program Files (x86)\Windows Kits\10\Include\10.0.22621.0\ucrt\corecrt_wstdio.h(394,9): error C2059: 構文エラー: ')'
  (ソース ファイル 'main.c' をコンパイルしています)
  
C:\Program Files (x86)\Windows Kits\10\Include\10.0.22621.0\ucrt\corecrt_wstdio.h(398,5): error C2449: '{' を見つけました (関数のヘッダーがないかもしれません)。
  (ソース ファイル 'main.c' をコンパイルしています)
  
C:\Program Files (x86)\Windows Kits\10\Include\10.0.22621.0\ucrt\corecrt_wstdio.h(400,5): error C2059: 構文エラー: '}'
  (ソース ファイル 'main.c' をコンパイルしています)
  
C:\Program Files (x86)\Windows Kits\10\Include\10.0.22621.0\ucrt\corecrt_wstdio.h(420,70): error C2146: 構文エラー: ')' が、識別子 '_ArgList' の前に必要です。
  (ソース ファイル 'main.c' をコンパイルしています)
  
C:\Program Files (x86)\Windows Kits\10\Include\10.0.22621.0\ucrt\corecrt_wstdio.h(420,70): error C2081: 'va_list': 仮パラメーター リスト内の名前が正しくありません。
  (ソース ファイル 'main.c' をコンパイルしています)
  
C:\Program Files (x86)\Windows Kits\10\Include\10.0.22621.0\ucrt\corecrt_wstdio.h(420,70): error C2061: 構文エラー: 識別子 '_ArgList'
  (ソース ファイル 'main.c' をコンパイルしています)
  
C:\Program Files (x86)\Windows Kits\10\Include\10.0.22621.0\ucrt\corecrt_wstdio.h(420,70): error C2059: 構文エラー: ';'
  (ソース ファイル 'main.c' をコンパイルしています)
  
C:\Program Files (x86)\Windows Kits\10\Include\10.0.22621.0\ucrt\corecrt_wstdio.h(421,9): error C2059: 構文エラー: ')'
  (ソース ファイル 'main.c' をコンパイルしています)
  
C:\Program Files (x86)\Windows Kits\10\Include\10.0.22621.0\ucrt\corecrt_wstdio.h(425,5): error C2449: '{' を見つけました (関数のヘッダーがないかもしれません)。
  (ソース ファイル 'main.c' をコンパイルしています)
  
C:\Program Files (x86)\Windows Kits\10\Include\10.0.22621.0\ucrt\corecrt_wstdio.h(427,5): error C2059: 構文エラー: '}'
  (ソース ファイル 'main.c' をコンパイルしています)
  
C:\Program Files (x86)\Windows Kits\10\Include\10.0.22621.0\ucrt\corecrt_wstdio.h(451,70): error C2146: 構文エラー: ')' が、識別子 '_ArgList' の前に必要です。
  (ソース ファイル 'main.c' をコンパイルしています)
  
C:\Program Files (x86)\Windows Kits\10\Include\10.0.22621.0\ucrt\corecrt_wstdio.h(451,70): error C2081: 'va_list': 仮パラメーター リスト内の名前が正しくありません。
  (ソース ファイル 'main.c' をコンパイルしています)
  
C:\Program Files (x86)\Windows Kits\10\Include\10.0.22621.0\ucrt\corecrt_wstdio.h(451,70): error C2061: 構文エラー: 識別子 '_ArgList'
  (ソース ファイル 'main.c' をコンパイルしています)
  
C:\Program Files (x86)\Windows Kits\10\Include\10.0.22621.0\ucrt\corecrt_wstdio.h(451,70): error C2059: 構文エラー: ';'
  (ソース ファイル 'main.c' をコンパイルしています)
  
C:\Program Files (x86)\Windows Kits\10\Include\10.0.22621.0\ucrt\corecrt_wstdio.h(452,9): error C2059: 構文エラー: ')'
  (ソース ファイル 'main.c' をコンパイルしています)
  
C:\Program Files (x86)\Windows Kits\10\Include\10.0.22621.0\ucrt\corecrt_wstdio.h(456,5): error C2449: '{' を見つけました (関数のヘッダーがないかもしれません)。
  (ソース ファイル 'main.c' をコンパイルしています)
  
C:\Program Files (x86)\Windows Kits\10\Include\10.0.22621.0\ucrt\corecrt_wstdio.h(458,5): error C2059: 構文エラー: '}'
  (ソース ファイル 'main.c' をコンパイルしています)
  
C:\Program Files (x86)\Windows Kits\10\Include\10.0.22621.0\ucrt\corecrt_wstdio.h(485,17): error C2065: 'va_list': 定義されていない識別子です。
  (ソース ファイル 'main.c' をコンパイルしています)
  
C:\Program Files (x86)\Windows Kits\10\Include\10.0.22621.0\ucrt\corecrt_wstdio.h(485,17): error C2146: 構文エラー: ';' が、識別子 '_ArgList' の前に必要です。
  (ソース ファイル 'main.c' をコンパイルしています)
  
C:\Program Files (x86)\Windows Kits\10\Include\10.0.22621.0\ucrt\corecrt_wstdio.h(485,25): error C2065: '_ArgList': 定義されていない識別子です。
  (ソース ファイル 'main.c' をコンパイルしています)
  
C:\Program Files (x86)\Windows Kits\10\Include\10.0.22621.0\ucrt\corecrt_wstdio.h(486,9): error C2065: '_ArgList': 定義されていない識別子です。
  (ソース ファイル 'main.c' をコンパイルしています)
  
C:\Program Files (x86)\Windows Kits\10\Include\10.0.22621.0\ucrt\corecrt_wstdio.h(487,19): warning C4013: 関数 '_vfwprintf_l' は定義されていません。int 型の値を返す外部関数と見なします。
  (ソース ファイル 'main.c' をコンパイルしています)
  
C:\Program Files (x86)\Windows Kits\10\Include\10.0.22621.0\ucrt\corecrt_wstdio.h(487,67): error C2065: '_ArgList': 定義されていない識別子です。
  (ソース ファイル 'main.c' をコンパイルしています)
  
C:\Program Files (x86)\Windows Kits\10\Include\10.0.22621.0\ucrt\corecrt_wstdio.h(488,9): error C2065: '_ArgList': 定義されていない識別子です。
  (ソース ファイル 'main.c' をコンパイルしています)
  
C:\Program Files (x86)\Windows Kits\10\Include\10.0.22621.0\ucrt\corecrt_wstdio.h(488,9): error C2065: 'va_list': 定義されていない識別子です。
  (ソース ファイル 'main.c' をコンパイルしています)
  
C:\Program Files (x86)\Windows Kits\10\Include\10.0.22621.0\ucrt\corecrt_wstdio.h(488,9): error C2143: 構文エラー: ')' が '定数' の前にありません。
  (ソース ファイル 'main.c' をコンパイルしています)
  
C:\Program Files (x86)\Windows Kits\10\Include\10.0.22621.0\ucrt\corecrt_wstdio.h(488,9): error C2059: 構文エラー: ')'
  (ソース ファイル 'main.c' をコンパイルしています)
  
C:\Program Files (x86)\Windows Kits\10\Include\10.0.22621.0\ucrt\corecrt_wstdio.h(503,17): error C2065: 'va_list': 定義されていない識別子です。
  (ソース ファイル 'main.c' をコンパイルしています)
  
C:\Program Files (x86)\Windows Kits\10\Include\10.0.22621.0\ucrt\corecrt_wstdio.h(503,17): error C2146: 構文エラー: ';' が、識別子 '_ArgList' の前に必要です。
  (ソース ファイル 'main.c' をコンパイルしています)
  
C:\Program Files (x86)\Windows Kits\10\Include\10.0.22621.0\ucrt\corecrt_wstdio.h(503,25): error C2065: '_ArgList': 定義されていない識別子です。
  (ソース ファイル 'main.c' をコンパイルしています)
  
C:\Program Files (x86)\Windows Kits\10\Include\10.0.22621.0\ucrt\corecrt_wstdio.h(504,9): error C2065: '_ArgList': 定義されていない識別子です。
  (ソース ファイル 'main.c' をコンパイルしています)
  
C:\Program Files (x86)\Windows Kits\10\Include\10.0.22621.0\ucrt\corecrt_wstdio.h(505,64): error C2065: '_ArgList': 定義されていない識別子です。
  (ソース ファイル 'main.c' をコンパイルしています)
  
C:\Program Files (x86)\Windows Kits\10\Include\10.0.22621.0\ucrt\corecrt_wstdio.h(506,9): error C2065: '_ArgList': 定義されていない識別子です。
  (ソース ファイル 'main.c' をコンパイルしています)
  
C:\Program Files (x86)\Windows Kits\10\Include\10.0.22621.0\ucrt\corecrt_wstdio.h(506,9): error C2065: 'va_list': 定義されていない識別子です。
  (ソース ファイル 'main.c' をコンパイルしています)
  
C:\Program Files (x86)\Windows Kits\10\Include\10.0.22621.0\ucrt\corecrt_wstdio.h(506,9): error C2143: 構文エラー: ')' が '定数' の前にありません。
  (ソース ファイル 'main.c' をコンパイルしています)
  
C:\Program Files (x86)\Windows Kits\10\Include\10.0.22621.0\ucrt\corecrt_wstdio.h(506,9): error C2059: 構文エラー: ')'
  (ソース ファイル 'main.c' をコンパイルしています)
  
C:\Program Files (x86)\Windows Kits\10\Include\10.0.22621.0\ucrt\corecrt_wstdio.h(522,17): error C2065: 'va_list': 定義されていない識別子です。
  (ソース ファイル 'main.c' をコンパイルしています)
  
C:\Program Files (x86)\Windows Kits\10\Include\10.0.22621.0\ucrt\corecrt_wstdio.h(522,17): error C1003: プログラム内のエラーが 100 個を超えました。コンパイルは中断されます。
  (ソース ファイル 'main.c' をコンパイルしています)
  
C:\Program Files\Microsoft Visual Studio\2022\Community\MSBuild\Microsoft\VC\v170\Microsoft.CppCommon.targets(755,5): error MSB6003: 指定されたタスク実行可能ファイル "CL.exe" を実行できませんでした。System.IO.IOException: 要求された操作はユーザー マップ セクションで開いたファイルでは実行できません。
C:\Program Files\Microsoft Visual Studio\2022\Community\MSBuild\Microsoft\VC\v170\Microsoft.CppCommon.targets(755,5): error MSB6003: 
C:\Program Files\Microsoft Visual Studio\2022\Community\MSBuild\Microsoft\VC\v170\Microsoft.CppCommon.targets(755,5): error MSB6003:    場所 System.IO.__Error.WinIOError(Int32 errorCode, String maybeFullPath)
C:\Program Files\Microsoft Visual Studio\2022\Community\MSBuild\Microsoft\VC\v170\Microsoft.CppCommon.targets(755,5): error MSB6003:    場所 System.IO.FileStream.Init(String path, FileMode mode, FileAccess access, Int32 rights, Boolean useRights, FileShare share, Int32 bufferSize, FileOptions options, SECURITY_ATTRIBUTES secAttrs, String msgPath, Boolean bFromProxy, Boolean useLongPath, Boolean checkHost)
C:\Program Files\Microsoft Visual Studio\2022\Community\MSBuild\Microsoft\VC\v170\Microsoft.CppCommon.targets(755,5): error MSB6003:    場所 System.IO.FileStream..ctor(String path, FileMode mode, FileAccess access, FileShare share, Int32 bufferSize, FileOptions options, String msgPath, Boolean bFromProxy, Boolean useLongPath, Boolean checkHost)
C:\Program Files\Microsoft Visual Studio\2022\Community\MSBuild\Microsoft\VC\v170\Microsoft.CppCommon.targets(755,5): error MSB6003:    場所 System.IO.StreamWriter.CreateFile(String path, Boolean append, Boolean checkHost)
C:\Program Files\Microsoft Visual Studio\2022\Community\MSBuild\Microsoft\VC\v170\Microsoft.CppCommon.targets(755,5): error MSB6003:    場所 System.IO.StreamWriter..ctor(String path, Boolean append, Encoding encoding, Int32 bufferSize, Boolean checkHost)
C:\Program Files\Microsoft Visual Studio\2022\Community\MSBuild\Microsoft\VC\v170\Microsoft.CppCommon.targets(755,5): error MSB6003:    場所 System.IO.StreamWriter..ctor(String path, Boolean append, Encoding encoding)
C:\Program Files\Microsoft Visual Studio\2022\Community\MSBuild\Microsoft\VC\v170\Microsoft.CppCommon.targets(755,5): error MSB6003:    場所 Microsoft.Build.CPPTasks.TrackedVCToolTask.WriteSourcesToCommandLinesTable(IDictionary`2 sourcesToCommandLines)
C:\Program Files\Microsoft Visual Studio\2022\Community\MSBuild\Microsoft\VC\v170\Microsoft.CppCommon.targets(755,5): error MSB6003:    場所 Microsoft.Build.CPPTasks.CL.PostExecuteTool(Int32 exitCode)
C:\Program Files\Microsoft Visual Studio\2022\Community\MSBuild\Microsoft\VC\v170\Microsoft.CppCommon.targets(755,5): error MSB6003:    場所 Microsoft.Build.CPPTasks.TrackedVCToolTask.ExecuteTool(String pathToTool, String responseFileCommands, String commandLineCommands)
C:\Program Files\Microsoft Visual Studio\2022\Community\MSBuild\Microsoft\VC\v170\Microsoft.CppCommon.targets(755,5): error MSB6003:    場所 Microsoft.Build.CPPTasks.CL.ExecuteTool(String pathToTool, String responseFileCommands, String commandLineCommands)
C:\Program Files\Microsoft Visual Studio\2022\Community\MSBuild\Microsoft\VC\v170\Microsoft.CppCommon.targets(755,5): error MSB6003:    場所 Microsoft.Build.Utilities.ToolTask.Execute()
